Using pre-set license
Built from '2020.3/staging' branch; Version is '2020.3.14f1 (d0d1bb862f9d) revision 13685179'; Using compiler version '192528614'; Build Type 'Release'
OS: 'Windows 10 Home; OS build 18363.1556; Version 1909; 64bit' Language: 'es' Physical Memory: 16320 MB
BatchMode: 1, IsHumanControllingUs: 0, StartBugReporterOnCrash: 0, Is64bit: 1, IsPro: 0

 COMMAND LINE ARGUMENTS:
C:\Program Files (x86)\Microsoft Visual Studio\2020.3.14f1\Editor\Unity.exe
-adb2
-batchMode
-noUpm
-name
AssetImportWorker1
-projectPath
C:/Users/alber/OneDrive/Documents/GitHub/Orbital-Alpha2/Proyecto_orbital
-logFile
Logs/AssetImportWorker1.log
-srvPort
52180
Successfully changed project path to: C:/Users/alber/OneDrive/Documents/GitHub/Orbital-Alpha2/Proyecto_orbital
C:/Users/alber/OneDrive/Documents/GitHub/Orbital-Alpha2/Proyecto_orbital
Using Asset Import Pipeline V2.
Refreshing native plugins compatible for Editor in 61.00 ms, found 2 plugins.
Preloading 0 native plugins for Editor in 0.00 ms.
Initialize engine version: 2020.3.14f1 (d0d1bb862f9d)
[Subsystems] Discovering subsystems at path C:/Program Files (x86)/Microsoft Visual Studio/2020.3.14f1/Editor/Data/Resources/UnitySubsystems
[Subsystems] Discovering subsystems at path C:/Users/alber/OneDrive/Documents/GitHub/Orbital-Alpha2/Proyecto_orbital/Assets
GfxDevice: creating device client; threaded=0
Direct3D:
    Version:  Direct3D 11.0 [level 11.1]
    Renderer: NVIDIA GeForce GTX 1060 6GB (ID=0x1c03)
    Vendor:   
    VRAM:     6052 MB
    Driver:   27.21.14.5671
Shader 'Universal Render Pipeline/Particles/Lit': fallback shader 'Universal Render Pipeline/Particles/SimpleLit' not found
Initialize mono
Mono path[0] = 'C:/Program Files (x86)/Microsoft Visual Studio/2020.3.14f1/Editor/Data/Managed'
Mono path[1] = 'C:/Program Files (x86)/Microsoft Visual Studio/2020.3.14f1/Editor/Data/MonoBleedingEdge/lib/mono/unityjit'
Mono config path = 'C:/Program Files (x86)/Microsoft Visual Studio/2020.3.14f1/Editor/Data/MonoBleedingEdge/etc'
Using monoOptions --debugger-agent=transport=dt_socket,embedding=1,server=y,suspend=n,address=127.0.0.1:56592
Begin MonoManager ReloadAssembly
Registering precompiled unity dll's ...
Register platform support module: C:/Program Files (x86)/Microsoft Visual Studio/2020.3.14f1/Editor/Data/PlaybackEngines/WindowsStandaloneSupport/UnityEditor.WindowsStandalone.Extensions.dll
Registered in 0.003001 seconds.
Native extension for WindowsStandalone target not found
Refreshing native plugins compatible for Editor in 59.35 ms, found 2 plugins.
Preloading 0 native plugins for Editor in 0.00 ms.
Mono: successfully reloaded assembly
- Completed reload, in  3.912 seconds
Domain Reload Profiling:
	ReloadAssembly (3912ms)
		BeginReloadAssembly (94ms)
			ExecutionOrderSort (0ms)
			DisableScriptedObjects (0ms)
			BackupInstance (0ms)
			ReleaseScriptingObjects (0ms)
			CreateAndSetChildDomain (1ms)
		EndReloadAssembly (571ms)
			LoadAssemblies (91ms)
			RebuildTransferFunctionScriptingTraits (0ms)
			SetupTypeCache (204ms)
			ReleaseScriptCaches (0ms)
			RebuildScriptCaches (42ms)
			SetupLoadedEditorAssemblies (218ms)
				LogAssemblyErrors (0ms)
				InitializePlatformSupportModulesInManaged (5ms)
				SetLoadedEditorAssemblies (0ms)
				RefreshPlugins (59ms)
				BeforeProcessingInitializeOnLoad (17ms)
				ProcessInitializeOnLoadAttributes (100ms)
				ProcessInitializeOnLoadMethodAttributes (36ms)
				AfterProcessingInitializeOnLoad (0ms)
				EditorAssembliesLoaded (0ms)
			ExecutionOrderSort2 (0ms)
			AwakeInstancesAfterBackupRestoration (0ms)
Platform modules already initialized, skipping
Registering precompiled user dll's ...
Registered in 0.010670 seconds.
Begin MonoManager ReloadAssembly
Native extension for WindowsStandalone target not found
Refreshing native plugins compatible for Editor in 63.83 ms, found 2 plugins.
Preloading 0 native plugins for Editor in 0.00 ms.
Mono: successfully reloaded assembly
- Completed reload, in  1.573 seconds
Domain Reload Profiling:
	ReloadAssembly (1575ms)
		BeginReloadAssembly (208ms)
			ExecutionOrderSort (0ms)
			DisableScriptedObjects (5ms)
			BackupInstance (0ms)
			ReleaseScriptingObjects (0ms)
			CreateAndSetChildDomain (23ms)
		EndReloadAssembly (1286ms)
			LoadAssemblies (166ms)
			RebuildTransferFunctionScriptingTraits (0ms)
			SetupTypeCache (484ms)
			ReleaseScriptCaches (1ms)
			RebuildScriptCaches (64ms)
			SetupLoadedEditorAssemblies (448ms)
				LogAssemblyErrors (0ms)
				InitializePlatformSupportModulesInManaged (5ms)
				SetLoadedEditorAssemblies (0ms)
				RefreshPlugins (64ms)
				BeforeProcessingInitializeOnLoad (102ms)
				ProcessInitializeOnLoadAttributes (262ms)
				ProcessInitializeOnLoadMethodAttributes (6ms)
				AfterProcessingInitializeOnLoad (10ms)
				EditorAssembliesLoaded (1ms)
			ExecutionOrderSort2 (0ms)
			AwakeInstancesAfterBackupRestoration (9ms)
Platform modules already initialized, skipping
========================================================================
Worker process is ready to serve import requests
Shader 'Universal Render Pipeline/Particles/Lit': fallback shader 'Universal Render Pipeline/Particles/SimpleLit' not found
Launched and connected shader compiler UnityShaderCompiler.exe after 0.06 seconds
Refreshing native plugins compatible for Editor in 0.55 ms, found 2 plugins.
Preloading 0 native plugins for Editor in 0.00 ms.
Unloading 2793 Unused Serialized files (Serialized files now loaded: 0)
System memory in use before: 130.1 MB.
System memory in use after: 130.3 MB.

Unloading 19 unused Assets to reduce memory usage. Loaded Objects now: 3228.
Total: 3.940300 ms (FindLiveObjects: 0.306700 ms CreateObjectMapping: 0.285700 ms MarkObjects: 3.225700 ms  DeleteObjects: 0.120500 ms)

AssetImportParameters requested are different than current active one (requested -> active):
  custom:framework-win-MediaFoundation: 216162199b28c13a410421893ffa2e32 -> 
  custom:video-decoder-ogg-theora: a1e56fd34408186e4bbccfd4996cb3dc -> 
  custom:container-muxer-webm: aa71ff27fc2769a1b78a27578f13a17b -> 
  custom:container-demuxer-webm: 4f35f7cbe854078d1ac9338744f61a02 -> 
  custom:container-demuxer-ogg: 62fdf1f143b41e24485cea50d1cbac27 -> 
  custom:video-encoder-webm-vp8: eb34c28f22e8b96e1ab97ce403110664 -> 
  custom:video-decoder-webm-vp8: 9c59270c3fd7afecdb556c50c9e8de78 -> 
  custom:audio-decoder-ogg-vorbis: bf7c407c2cedff20999df2af8eb42d56 -> 
  custom:audio-encoder-webm-vorbis: bf7c407c2cedff20999df2af8eb42d56 -> 
========================================================================
Received Import Request.
  path: Assets/materials/Shaders/Outline.shader
  artifactKey: Guid(5adcae75ec54e9e4d976cfb2cad3a3ca) Importer(815301076,1909f56bfc062723c751e8b465ee728b)
Start importing Assets/materials/Shaders/Outline.shader using Guid(5adcae75ec54e9e4d976cfb2cad3a3ca) Importer(815301076,1909f56bfc062723c751e8b465ee728b)  -> (artifact id: 'e893bf6864b6628ca6b1f7998c227ad7') in 0.046578 seconds 
  Import took 0.058988 seconds .

========================================================================
Received Import Request.
  Time since last request: 9.690221 seconds.
  path: Assets/materials/Shaders/Outline.shader
  artifactKey: Guid(5adcae75ec54e9e4d976cfb2cad3a3ca) Importer(815301076,1909f56bfc062723c751e8b465ee728b)
Start importing Assets/materials/Shaders/Outline.shader using Guid(5adcae75ec54e9e4d976cfb2cad3a3ca) Importer(815301076,1909f56bfc062723c751e8b465ee728b)  -> (artifact id: 'd97afb20e2ff2d9625b05f952ae9265e') in 0.006763 seconds 
  Import took 0.013672 seconds .

========================================================================
Received Import Request.
  Time since last request: 42.629754 seconds.
  path: Assets/Prefabs/Orbital.prefab
  artifactKey: Guid(882648625adae344a8fd946913cee8d2) Importer(815301076,1909f56bfc062723c751e8b465ee728b)
Start importing Assets/Prefabs/Orbital.prefab using Guid(882648625adae344a8fd946913cee8d2) Importer(815301076,1909f56bfc062723c751e8b465ee728b)  -> (artifact id: 'ef98b7fd7ec3f295427149e9ebab3387') in 0.247438 seconds 
  Import took 0.266599 seconds .

========================================================================
Received Import Request.
  Time since last request: 16.054025 seconds.
  path: Assets/materials/Materials/Outline.mat
  artifactKey: Guid(2e7fc61e48fae08498d2d1571f559a26) Importer(815301076,1909f56bfc062723c751e8b465ee728b)
Start importing Assets/materials/Materials/Outline.mat using Guid(2e7fc61e48fae08498d2d1571f559a26) Importer(815301076,1909f56bfc062723c751e8b465ee728b)  -> (artifact id: 'aee09211d764e4cededbe5c9915316d8') in 0.057361 seconds 
  Import took 0.082617 seconds .

========================================================================
Received Import Request.
  Time since last request: 5726.390570 seconds.
  path: Assets/materials/Shaders/Outline.shader
  artifactKey: Guid(5adcae75ec54e9e4d976cfb2cad3a3ca) Importer(815301076,1909f56bfc062723c751e8b465ee728b)
Start importing Assets/materials/Shaders/Outline.shader using Guid(5adcae75ec54e9e4d976cfb2cad3a3ca) Importer(815301076,1909f56bfc062723c751e8b465ee728b)  -> (artifact id: 'bb47d03693907f3b8a3cd07a62b96843') in 0.006339 seconds 
  Import took 0.013523 seconds .

========================================================================
Received Import Request.
  Time since last request: 367.560226 seconds.
  path: Assets/materials/Shaders/Outline.shader
  artifactKey: Guid(5adcae75ec54e9e4d976cfb2cad3a3ca) Importer(815301076,1909f56bfc062723c751e8b465ee728b)
Start importing Assets/materials/Shaders/Outline.shader using Guid(5adcae75ec54e9e4d976cfb2cad3a3ca) Importer(815301076,1909f56bfc062723c751e8b465ee728b)  -> (artifact id: '1c7df81dc672b1e1a99196ad631a225d') in 0.010216 seconds 
  Import took 0.035293 seconds .

========================================================================
Received Import Request.
  Time since last request: 45.752095 seconds.
  path: Assets/materials/Shaders/Outline.shader
  artifactKey: Guid(5adcae75ec54e9e4d976cfb2cad3a3ca) Importer(815301076,1909f56bfc062723c751e8b465ee728b)
Start importing Assets/materials/Shaders/Outline.shader using Guid(5adcae75ec54e9e4d976cfb2cad3a3ca) Importer(815301076,1909f56bfc062723c751e8b465ee728b)  -> (artifact id: '6c6e48030c5762e65ffd219352426187') in 0.012079 seconds 
  Import took 0.095736 seconds .

========================================================================
Received Import Request.
  Time since last request: 35.960947 seconds.
  path: Assets/materials/Shaders/Shaders/OutlineTestShader.shadergraph
  artifactKey: Guid(73627a7dc89da2c429137a8e11594c1a) Importer(815301076,1909f56bfc062723c751e8b465ee728b)
Start importing Assets/materials/Shaders/Shaders/OutlineTestShader.shadergraph using Guid(73627a7dc89da2c429137a8e11594c1a) Importer(815301076,1909f56bfc062723c751e8b465ee728b)  -> (artifact id: 'b8775c0823220d988b1cd7c57a2b000d') in 0.016939 seconds 
  Import took 0.042417 seconds .

========================================================================
Received Import Request.
  Time since last request: 0.354942 seconds.
  path: Assets/materials/Shaders/Shaders/OutlineTestShader.shadergraph
  artifactKey: Guid(73627a7dc89da2c429137a8e11594c1a) Importer(815301076,1909f56bfc062723c751e8b465ee728b)
Start importing Assets/materials/Shaders/Shaders/OutlineTestShader.shadergraph using Guid(73627a7dc89da2c429137a8e11594c1a) Importer(815301076,1909f56bfc062723c751e8b465ee728b)  -> (artifact id: 'b8775c0823220d988b1cd7c57a2b000d') in 0.030494 seconds 
  Import took 0.038101 seconds .

========================================================================
Received Prepare
Registering precompiled user dll's ...
Registered in 0.010748 seconds.
Begin MonoManager ReloadAssembly
Native extension for WindowsStandalone target not found
Refreshing native plugins compatible for Editor in 0.67 ms, found 2 plugins.
Preloading 0 native plugins for Editor in 0.00 ms.
Mono: successfully reloaded assembly
- Completed reload, in  1.478 seconds
Domain Reload Profiling:
	ReloadAssembly (1478ms)
		BeginReloadAssembly (228ms)
			ExecutionOrderSort (0ms)
			DisableScriptedObjects (8ms)
			BackupInstance (0ms)
			ReleaseScriptingObjects (0ms)
			CreateAndSetChildDomain (44ms)
		EndReloadAssembly (1164ms)
			LoadAssemblies (251ms)
			RebuildTransferFunctionScriptingTraits (0ms)
			SetupTypeCache (385ms)
			ReleaseScriptCaches (2ms)
			RebuildScriptCaches (49ms)
			SetupLoadedEditorAssemblies (363ms)
				LogAssemblyErrors (0ms)
				InitializePlatformSupportModulesInManaged (5ms)
				SetLoadedEditorAssemblies (1ms)
				RefreshPlugins (1ms)
				BeforeProcessingInitializeOnLoad (99ms)
				ProcessInitializeOnLoadAttributes (244ms)
				ProcessInitializeOnLoadMethodAttributes (5ms)
				AfterProcessingInitializeOnLoad (8ms)
				EditorAssembliesLoaded (0ms)
			ExecutionOrderSort2 (0ms)
			AwakeInstancesAfterBackupRestoration (19ms)
Platform modules already initialized, skipping
Switching build target platform(19) subTarget(0) extendedPlatform(0) -> platform(13) subTarget(537395200) extendedPlatform(0)
Shader 'Universal Render Pipeline/Particles/Lit': fallback shader 'Universal Render Pipeline/Particles/SimpleLit' not found
Refreshing native plugins compatible for Editor in 0.54 ms, found 2 plugins.
Preloading 0 native plugins for Editor in 0.00 ms.
Unloading 2668 Unused Serialized files (Serialized files now loaded: 0)
System memory in use before: 124.6 MB.
System memory in use after: 124.8 MB.

Unloading 14 unused Assets to reduce memory usage. Loaded Objects now: 3309.
Total: 5.042800 ms (FindLiveObjects: 0.309100 ms CreateObjectMapping: 0.154000 ms MarkObjects: 4.555500 ms  DeleteObjects: 0.023200 ms)

AssetImportParameters requested are different than current active one (requested -> active):
  custom:framework-win-MediaFoundation: 216162199b28c13a410421893ffa2e32 -> 
  custom:video-decoder-ogg-theora: a1e56fd34408186e4bbccfd4996cb3dc -> 
  custom:container-muxer-webm: aa71ff27fc2769a1b78a27578f13a17b -> 
  custom:container-demuxer-webm: 4f35f7cbe854078d1ac9338744f61a02 -> 
  custom:container-demuxer-ogg: 62fdf1f143b41e24485cea50d1cbac27 -> 
  custom:video-encoder-webm-vp8: eb34c28f22e8b96e1ab97ce403110664 -> 
  custom:video-decoder-webm-vp8: 9c59270c3fd7afecdb556c50c9e8de78 -> 
  custom:graphics/normal-map-encoding: 01000000000000000000000000000000 -> 02000000000000000000000000000000
  custom:audio-decoder-ogg-vorbis: bf7c407c2cedff20999df2af8eb42d56 -> 
  custom:audio-encoder-webm-vorbis: bf7c407c2cedff20999df2af8eb42d56 -> 
========================================================================
Received Import Request.
  Time since last request: 116.274490 seconds.
  path: Assets/Prefabs/Orbital.prefab
  artifactKey: Guid(882648625adae344a8fd946913cee8d2) Importer(815301076,1909f56bfc062723c751e8b465ee728b)
Start importing Assets/Prefabs/Orbital.prefab using Guid(882648625adae344a8fd946913cee8d2) Importer(815301076,1909f56bfc062723c751e8b465ee728b)  -> (artifact id: '3e5f834be37ccc4270c2b9fe6d87219e') in 2.802864 seconds 
  Import took 2.875649 seconds .

========================================================================
Received Prepare
Registering precompiled user dll's ...
Registered in 0.010150 seconds.
Begin MonoManager ReloadAssembly
Native extension for WindowsStandalone target not found
Refreshing native plugins compatible for Editor in 0.94 ms, found 2 plugins.
Preloading 0 native plugins for Editor in 0.00 ms.
Mono: successfully reloaded assembly
- Completed reload, in  1.330 seconds
Domain Reload Profiling:
	ReloadAssembly (1331ms)
		BeginReloadAssembly (165ms)
			ExecutionOrderSort (0ms)
			DisableScriptedObjects (8ms)
			BackupInstance (0ms)
			ReleaseScriptingObjects (0ms)
			CreateAndSetChildDomain (44ms)
		EndReloadAssembly (1089ms)
			LoadAssemblies (159ms)
			RebuildTransferFunctionScriptingTraits (0ms)
			SetupTypeCache (361ms)
			ReleaseScriptCaches (1ms)
			RebuildScriptCaches (48ms)
			SetupLoadedEditorAssemblies (359ms)
				LogAssemblyErrors (0ms)
				InitializePlatformSupportModulesInManaged (4ms)
				SetLoadedEditorAssemblies (0ms)
				RefreshPlugins (1ms)
				BeforeProcessingInitializeOnLoad (104ms)
				ProcessInitializeOnLoadAttributes (236ms)
				ProcessInitializeOnLoadMethodAttributes (5ms)
				AfterProcessingInitializeOnLoad (8ms)
				EditorAssembliesLoaded (0ms)
			ExecutionOrderSort2 (0ms)
			AwakeInstancesAfterBackupRestoration (20ms)
Platform modules already initialized, skipping
Switching build target platform(19) subTarget(0) extendedPlatform(0) -> platform(13) subTarget(537395200) extendedPlatform(0)
Shader 'Universal Render Pipeline/Particles/Lit': fallback shader 'Universal Render Pipeline/Particles/SimpleLit' not found
Refreshing native plugins compatible for Editor in 0.51 ms, found 2 plugins.
Preloading 0 native plugins for Editor in 0.00 ms.
Unloading 2668 Unused Serialized files (Serialized files now loaded: 0)
System memory in use before: 124.8 MB.
System memory in use after: 125.0 MB.

Unloading 14 unused Assets to reduce memory usage. Loaded Objects now: 3347.
Total: 2.486800 ms (FindLiveObjects: 0.273000 ms CreateObjectMapping: 0.137500 ms MarkObjects: 2.055200 ms  DeleteObjects: 0.020400 ms)

AssetImportParameters requested are different than current active one (requested -> active):
  custom:framework-win-MediaFoundation: 216162199b28c13a410421893ffa2e32 -> 
  custom:video-decoder-ogg-theora: a1e56fd34408186e4bbccfd4996cb3dc -> 
  custom:container-muxer-webm: aa71ff27fc2769a1b78a27578f13a17b -> 
  custom:container-demuxer-webm: 4f35f7cbe854078d1ac9338744f61a02 -> 
  custom:container-demuxer-ogg: 62fdf1f143b41e24485cea50d1cbac27 -> 
  custom:video-encoder-webm-vp8: eb34c28f22e8b96e1ab97ce403110664 -> 
  custom:video-decoder-webm-vp8: 9c59270c3fd7afecdb556c50c9e8de78 -> 
  custom:graphics/normal-map-encoding: 01000000000000000000000000000000 -> 02000000000000000000000000000000
  custom:audio-decoder-ogg-vorbis: bf7c407c2cedff20999df2af8eb42d56 -> 
  custom:audio-encoder-webm-vorbis: bf7c407c2cedff20999df2af8eb42d56 -> 
========================================================================
Received Import Request.
  Time since last request: 49.948446 seconds.
  path: Assets/materials/Shaders/Outline.shader
  artifactKey: Guid(5adcae75ec54e9e4d976cfb2cad3a3ca) Importer(815301076,1909f56bfc062723c751e8b465ee728b)
Start importing Assets/materials/Shaders/Outline.shader using Guid(5adcae75ec54e9e4d976cfb2cad3a3ca) Importer(815301076,1909f56bfc062723c751e8b465ee728b)  -> (artifact id: '4e83717f468c6468a03952d431aff8bf') in 0.019553 seconds 
  Import took 0.045440 seconds .

========================================================================
Received Import Request.
  Time since last request: 11.856893 seconds.
  path: Assets/materials/Shaders/Outline.shader
  artifactKey: Guid(5adcae75ec54e9e4d976cfb2cad3a3ca) Importer(815301076,1909f56bfc062723c751e8b465ee728b)
Start importing Assets/materials/Shaders/Outline.shader using Guid(5adcae75ec54e9e4d976cfb2cad3a3ca) Importer(815301076,1909f56bfc062723c751e8b465ee728b)  -> (artifact id: 'ba02592408349e335ecce212a773875f') in 0.157894 seconds 
  Import took 0.194151 seconds .

========================================================================
Received Import Request.
  Time since last request: 50.472109 seconds.
  path: Assets/materials/Materials/Outline.mat
  artifactKey: Guid(2e7fc61e48fae08498d2d1571f559a26) Importer(815301076,1909f56bfc062723c751e8b465ee728b)
Start importing Assets/materials/Materials/Outline.mat using Guid(2e7fc61e48fae08498d2d1571f559a26) Importer(815301076,1909f56bfc062723c751e8b465ee728b)  -> (artifact id: '0ccbab82c1e2aa6e9a1431dde3b56628') in 0.955900 seconds 
  Import took 0.980903 seconds .

========================================================================
Received Import Request.
  Time since last request: 168.169617 seconds.
  path: Assets/materials/Shaders/Outline.shader
  artifactKey: Guid(5adcae75ec54e9e4d976cfb2cad3a3ca) Importer(815301076,1909f56bfc062723c751e8b465ee728b)
Start importing Assets/materials/Shaders/Outline.shader using Guid(5adcae75ec54e9e4d976cfb2cad3a3ca) Importer(815301076,1909f56bfc062723c751e8b465ee728b)  -> (artifact id: 'd5da8881b81f120b391c3758e4478e27') in 0.043849 seconds 
  Import took 0.072420 seconds .

========================================================================
Received Import Request.
  Time since last request: 612.116558 seconds.
  path: Assets/materials/Shaders/Outline.shader
  artifactKey: Guid(5adcae75ec54e9e4d976cfb2cad3a3ca) Importer(815301076,1909f56bfc062723c751e8b465ee728b)
Start importing Assets/materials/Shaders/Outline.shader using Guid(5adcae75ec54e9e4d976cfb2cad3a3ca) Importer(815301076,1909f56bfc062723c751e8b465ee728b)  -> (artifact id: 'a73a6fb563b4d72a59bf332e5c6f35f6') in 0.225161 seconds 
  Import took 0.259358 seconds .

========================================================================
Received Import Request.
  Time since last request: 395.239605 seconds.
  path: Assets/materials/Shaders/Outline.shader
  artifactKey: Guid(5adcae75ec54e9e4d976cfb2cad3a3ca) Importer(815301076,1909f56bfc062723c751e8b465ee728b)
Start importing Assets/materials/Shaders/Outline.shader using Guid(5adcae75ec54e9e4d976cfb2cad3a3ca) Importer(815301076,1909f56bfc062723c751e8b465ee728b)  -> (artifact id: 'acb6e56f9e7e12d2e6701dd152b83039') in 0.040561 seconds 
  Import took 0.095549 seconds .

========================================================================
Received Import Request.
  Time since last request: 17.596267 seconds.
  path: Assets/materials/Materials/Outline.mat
  artifactKey: Guid(2e7fc61e48fae08498d2d1571f559a26) Importer(815301076,1909f56bfc062723c751e8b465ee728b)
Start importing Assets/materials/Materials/Outline.mat using Guid(2e7fc61e48fae08498d2d1571f559a26) Importer(815301076,1909f56bfc062723c751e8b465ee728b)  -> (artifact id: '7825b1e413d3ea38df376e0ac603cb5b') in 0.065061 seconds 
  Import took 0.085904 seconds .

========================================================================
Received Import Request.
  Time since last request: 90.925747 seconds.
  path: Assets/materials/Shaders/Outline.shader
  artifactKey: Guid(5adcae75ec54e9e4d976cfb2cad3a3ca) Importer(815301076,1909f56bfc062723c751e8b465ee728b)
Start importing Assets/materials/Shaders/Outline.shader using Guid(5adcae75ec54e9e4d976cfb2cad3a3ca) Importer(815301076,1909f56bfc062723c751e8b465ee728b)  -> (artifact id: '28130ca0f620e6732399ffa5b9e833e2') in 0.022186 seconds 
  Import took 0.059183 seconds .

AssetImportWorkerClient::OnTransportError - code=2 error=End of file
